<?xml version="1.0" encoding="UTF-8"?>
<testsuite xmlns:xsi="http://www.w3.org/2001/XMLSchema-instance" xsi:noNamespaceSchemaLocation="https://maven.apache.org/surefire/maven-surefire-plugin/xsd/surefire-test-report-3.0.xsd" version="3.0" name="org.example.testRunner.runners" time="193.992" tests="19" errors="0" skipped="0" failures="5">
  <properties>
[...]
</properties>
  <testcase name="runScenario" classname="org.example.testRunner.runners" time="11.479">
    <failure message="The following asserts failed:&#10;	expected [rgba(76, 177, 124, 1)] but found [rgba(119, 119, 119, 1)]" type="java.lang.AssertionError"><![CDATA[java.lang.AssertionError: 
The following asserts failed:
	expected [rgba(76, 177, 124, 1)] but found [rgba(119, 119, 119, 1)]
]]></failure>
    <system-err><![CDATA[SLF4J: Failed to load class "org.slf4j.impl.StaticLoggerBinder".
SLF4J: Defaulting to no-operation (NOP) logger implementation
SLF4J: See http://www.slf4j.org/codes.html#StaticLoggerBinder for further details.
Starting ChromeDriver 108.0.5359.71 (1e0e3868ee06e91ad636a874420e3ca3ae3756ac-refs/branch-heads/5359@{#1016}) on port 9399
Only local connections are allowed.
Please see https://chromedriver.chromium.org/security-considerations for suggestions on keeping ChromeDriver safe.
ChromeDriver was started successfully.
]]></system-err>
  </testcase>
  <testcase name="runScenario" classname="org.example.testRunner.runners" time="8.704"/>
  <testcase name="runScenario" classname="org.example.testRunner.runners" time="7.59"/>
  <testcase name="runScenario" classname="org.example.testRunner.runners" time="7.399"/>
  <testcase name="runScenario" classname="org.example.testRunner.runners" time="7.575"/>
  <testcase name="runScenario" classname="org.example.testRunner.runners" time="7.598"/>
  <testcase name="runScenario" classname="org.example.testRunner.runners" time="7.172"/>
  <testcase name="runScenario" classname="org.example.testRunner.runners" time="9.054"/>
  <testcase name="runScenario" classname="org.example.testRunner.runners" time="7.681"/>
  <testcase name="runScenario" classname="org.example.testRunner.runners" time="8.422"/>
  <testcase name="runScenario" classname="org.example.testRunner.runners" time="19.151">
    <failure message="element not interactable&#10;  (Session info: chrome=108.0.5359.125)&#10;Build info: version: &apos;4.7.2&apos;, revision: &apos;4d4020c3b7&apos;&#10;System info: os.name: &apos;Windows 10&apos;, os.arch: &apos;amd64&apos;, os.version: &apos;10.0&apos;, java.version: &apos;1.8.0_351&apos;&#10;Driver info: org.openqa.selenium.chrome.ChromeDriver&#10;Command: [1a71a8510c71ac08dfe4f4fe72335f9d, clickElement {id=fa3c57bc-5622-43ad-9cc8-c132b3efb6d2}]&#10;Capabilities {acceptInsecureCerts: false, browserName: chrome, browserVersion: 108.0.5359.125, chrome: {chromedriverVersion: 108.0.5359.71 (1e0e3868ee06..., userDataDir: C:\Users\taker\AppData\Loca...}, goog:chromeOptions: {debuggerAddress: localhost:63237}, networkConnectionEnabled: false, pageLoadStrategy: normal, platformName: WINDOWS, proxy: Proxy(), se:cdp: ws://localhost:63237/devtoo..., se:cdpVersion: 108.0.5359.125, setWindowRect: true, strictFileInteractability: false, timeouts: {implicit: 0, pageLoad: 300000, script: 30000}, unhandledPromptBehavior: dismiss and notify, webauthn:extension:credBlob: true, webauthn:extension:largeBlob: true, webauthn:virtualAuthenticators: true}&#10;Element: [[ChromeDriver: chrome on WINDOWS (1a71a8510c71ac08dfe4f4fe72335f9d)] -&gt; xpath: //ul[@class=&apos;top-menu notmobile&apos;]//ul//li]&#10;Session ID: 1a71a8510c71ac08dfe4f4fe72335f9d" type="org.openqa.selenium.ElementNotInteractableException"><![CDATA[org.openqa.selenium.ElementNotInteractableException: 
element not interactable
  (Session info: chrome=108.0.5359.125)
Build info: version: '4.7.2', revision: '4d4020c3b7'
System info: os.name: 'Windows 10', os.arch: 'amd64', os.version: '10.0', java.version: '1.8.0_351'
Driver info: org.openqa.selenium.chrome.ChromeDriver
Command: [1a71a8510c71ac08dfe4f4fe72335f9d, clickElement {id=fa3c57bc-5622-43ad-9cc8-c132b3efb6d2}]
Capabilities {acceptInsecureCerts: false, browserName: chrome, browserVersion: 108.0.5359.125, chrome: {chromedriverVersion: 108.0.5359.71 (1e0e3868ee06..., userDataDir: C:\Users\taker\AppData\Loca...}, goog:chromeOptions: {debuggerAddress: localhost:63237}, networkConnectionEnabled: false, pageLoadStrategy: normal, platformName: WINDOWS, proxy: Proxy(), se:cdp: ws://localhost:63237/devtoo..., se:cdpVersion: 108.0.5359.125, setWindowRect: true, strictFileInteractability: false, timeouts: {implicit: 0, pageLoad: 300000, script: 30000}, unhandledPromptBehavior: dismiss and notify, webauthn:extension:credBlob: true, webauthn:extension:largeBlob: true, webauthn:virtualAuthenticators: true}
Element: [[ChromeDriver: chrome on WINDOWS (1a71a8510c71ac08dfe4f4fe72335f9d)] -> xpath: //ul[@class='top-menu notmobile']//ul//li]
Session ID: 1a71a8510c71ac08dfe4f4fe72335f9d
]]></failure>
    <system-out><![CDATA[There's subMenu
]]></system-out>
    <system-err><![CDATA[Starting ChromeDriver 108.0.5359.71 (1e0e3868ee06e91ad636a874420e3ca3ae3756ac-refs/branch-heads/5359@{#1016}) on port 40534
Only local connections are allowed.
Please see https://chromedriver.chromium.org/security-considerations for suggestions on keeping ChromeDriver safe.
ChromeDriver was started successfully.
]]></system-err>
  </testcase>
  <testcase name="runScenario" classname="org.example.testRunner.runners" time="15.469">
    <failure message="Expected condition failed: waiting for url to contain &quot;https://demo.nopcommerce.com/Galaxy-s22-ultra&quot;. Current url: &quot;https://demo.nopcommerce.com/&quot; (tried for 10 second(s) with 500 milliseconds interval)&#10;Build info: version: &apos;4.7.2&apos;, revision: &apos;4d4020c3b7&apos;&#10;System info: os.name: &apos;Windows 10&apos;, os.arch: &apos;amd64&apos;, os.version: &apos;10.0&apos;, java.version: &apos;1.8.0_351&apos;&#10;Driver info: org.openqa.selenium.chrome.ChromeDriver&#10;Capabilities {acceptInsecureCerts: false, browserName: chrome, browserVersion: 108.0.5359.125, chrome: {chromedriverVersion: 108.0.5359.71 (1e0e3868ee06..., userDataDir: C:\Users\taker\AppData\Loca...}, goog:chromeOptions: {debuggerAddress: localhost:63267}, networkConnectionEnabled: false, pageLoadStrategy: normal, platformName: WINDOWS, proxy: Proxy(), se:cdp: ws://localhost:63267/devtoo..., se:cdpVersion: 108.0.5359.125, setWindowRect: true, strictFileInteractability: false, timeouts: {implicit: 0, pageLoad: 300000, script: 30000}, unhandledPromptBehavior: dismiss and notify, webauthn:extension:credBlob: true, webauthn:extension:largeBlob: true, webauthn:virtualAuthenticators: true}&#10;Session ID: 1382bc7e816694a044a1495ffeb231a2" type="org.openqa.selenium.TimeoutException"><![CDATA[org.openqa.selenium.TimeoutException: 
Expected condition failed: waiting for url to contain "https://demo.nopcommerce.com/Galaxy-s22-ultra". Current url: "https://demo.nopcommerce.com/" (tried for 10 second(s) with 500 milliseconds interval)
Build info: version: '4.7.2', revision: '4d4020c3b7'
System info: os.name: 'Windows 10', os.arch: 'amd64', os.version: '10.0', java.version: '1.8.0_351'
Driver info: org.openqa.selenium.chrome.ChromeDriver
Capabilities {acceptInsecureCerts: false, browserName: chrome, browserVersion: 108.0.5359.125, chrome: {chromedriverVersion: 108.0.5359.71 (1e0e3868ee06..., userDataDir: C:\Users\taker\AppData\Loca...}, goog:chromeOptions: {debuggerAddress: localhost:63267}, networkConnectionEnabled: false, pageLoadStrategy: normal, platformName: WINDOWS, proxy: Proxy(), se:cdp: ws://localhost:63267/devtoo..., se:cdpVersion: 108.0.5359.125, setWindowRect: true, strictFileInteractability: false, timeouts: {implicit: 0, pageLoad: 300000, script: 30000}, unhandledPromptBehavior: dismiss and notify, webauthn:extension:credBlob: true, webauthn:extension:largeBlob: true, webauthn:virtualAuthenticators: true}
Session ID: 1382bc7e816694a044a1495ffeb231a2
]]></failure>
    <system-err><![CDATA[Starting ChromeDriver 108.0.5359.71 (1e0e3868ee06e91ad636a874420e3ca3ae3756ac-refs/branch-heads/5359@{#1016}) on port 23397
Only local connections are allowed.
Please see https://chromedriver.chromium.org/security-considerations for suggestions on keeping ChromeDriver safe.
ChromeDriver was started successfully.
]]></system-err>
  </testcase>
  <testcase name="runScenario" classname="org.example.testRunner.runners" time="15.464">
    <failure message="Expected condition failed: waiting for url to contain &quot;https://demo.nopcommerce.com/iphone-14 pro&quot;. Current url: &quot;https://demo.nopcommerce.com/#&quot; (tried for 10 second(s) with 500 milliseconds interval)&#10;Build info: version: &apos;4.7.2&apos;, revision: &apos;4d4020c3b7&apos;&#10;System info: os.name: &apos;Windows 10&apos;, os.arch: &apos;amd64&apos;, os.version: &apos;10.0&apos;, java.version: &apos;1.8.0_351&apos;&#10;Driver info: org.openqa.selenium.chrome.ChromeDriver&#10;Capabilities {acceptInsecureCerts: false, browserName: chrome, browserVersion: 108.0.5359.125, chrome: {chromedriverVersion: 108.0.5359.71 (1e0e3868ee06..., userDataDir: C:\Users\taker\AppData\Loca...}, goog:chromeOptions: {debuggerAddress: localhost:63295}, networkConnectionEnabled: false, pageLoadStrategy: normal, platformName: WINDOWS, proxy: Proxy(), se:cdp: ws://localhost:63295/devtoo..., se:cdpVersion: 108.0.5359.125, setWindowRect: true, strictFileInteractability: false, timeouts: {implicit: 0, pageLoad: 300000, script: 30000}, unhandledPromptBehavior: dismiss and notify, webauthn:extension:credBlob: true, webauthn:extension:largeBlob: true, webauthn:virtualAuthenticators: true}&#10;Session ID: b2de9361ab4d3d1f403c3ba3ce2c0440" type="org.openqa.selenium.TimeoutException"><![CDATA[org.openqa.selenium.TimeoutException: 
Expected condition failed: waiting for url to contain "https://demo.nopcommerce.com/iphone-14 pro". Current url: "https://demo.nopcommerce.com/#" (tried for 10 second(s) with 500 milliseconds interval)
Build info: version: '4.7.2', revision: '4d4020c3b7'
System info: os.name: 'Windows 10', os.arch: 'amd64', os.version: '10.0', java.version: '1.8.0_351'
Driver info: org.openqa.selenium.chrome.ChromeDriver
Capabilities {acceptInsecureCerts: false, browserName: chrome, browserVersion: 108.0.5359.125, chrome: {chromedriverVersion: 108.0.5359.71 (1e0e3868ee06..., userDataDir: C:\Users\taker\AppData\Loca...}, goog:chromeOptions: {debuggerAddress: localhost:63295}, networkConnectionEnabled: false, pageLoadStrategy: normal, platformName: WINDOWS, proxy: Proxy(), se:cdp: ws://localhost:63295/devtoo..., se:cdpVersion: 108.0.5359.125, setWindowRect: true, strictFileInteractability: false, timeouts: {implicit: 0, pageLoad: 300000, script: 30000}, unhandledPromptBehavior: dismiss and notify, webauthn:extension:credBlob: true, webauthn:extension:largeBlob: true, webauthn:virtualAuthenticators: true}
Session ID: b2de9361ab4d3d1f403c3ba3ce2c0440
]]></failure>
    <system-out><![CDATA[[32mI click on search field&amp#27;[0m                         &amp#27;[90m# org.example.stepDefs.D04_searchStepDef.click_SearchField()&amp#27;[0m
  &amp#27;[32mWhen &amp#27;[0m&amp#27;[32mI Enter productName as "&amp#27;[0m&amp#27;[32m&amp#27;[1mAPPLE_CAM&amp#27;[0m&amp#27;[32m"&amp#27;[0m               &amp#27;[90m# org.example.stepDefs.D04_searchStepDef.Enter_productName(java.lang.String)&amp#27;[0m
  &amp#27;[32mAnd &amp#27;[0m&amp#27;[32mI click on search button&amp#27;[0m                          &amp#27;[90m# org.example.stepDefs.D04_searchStepDef.click_SearchBtn()&amp#27;[0m
  &amp#27;[32mAnd &amp#27;[0m&amp#27;[32mI click on product in search&amp#27;[0m                      &amp#27;[90m# org.example.stepDefs.D04_searchStepDef.click_the_product()&amp#27;[0m
  &amp#27;[32mThen &amp#27;[0m&amp#27;[32mI should verify the product contains "&amp#27;[0m&amp#27;[32m&amp#27;[1mAPPLE_CAM&amp#27;[0m&amp#27;[32m"&amp#27;[0m &amp#27;[90m# org.example.stepDefs.D04_searchStepDef.verify_product_contain_Sku(java.lang.String)&amp#27;[0m

@smoke
Scenario Outline: search with  SKU                      &amp#27;[90m# src/main/resources/features/F04_Search.feature:27&amp#27;[0m
  &amp#27;[32mGiven &amp#27;[0m&amp#27;[32mI click on search field&amp#27;[0m                         &amp#27;[90m# org.example.stepDefs.D04_searchStepDef.click_SearchField()&amp#27;[0m
  &amp#27;[32mWhen &amp#27;[0m&amp#27;[32mI Enter productName as "&amp#27;[0m&amp#27;[32m&amp#27;[1mSF_PRO_11&amp#27;[0m&amp#27;[32m"&amp#27;[0m               &amp#27;[90m# org.example.stepDefs.D04_searchStepDef.Enter_productName(java.lang.String)&amp#27;[0m
  &amp#27;[32mAnd &amp#27;[0m&amp#27;[32mI click on search button&amp#27;[0m                          &amp#27;[90m# org.example.stepDefs.D04_searchStepDef.click_SearchBtn()&amp#27;[0m
  &amp#27;[32mAnd &amp#27;[0m&amp#27;[32mI click on product in search&amp#27;[0m                      &amp#27;[90m# org.example.stepDefs.D04_searchStepDef.click_the_product()&amp#27;[0m
  &amp#27;[32mThen &amp#27;[0m&amp#27;[32mI should verify the product contains "&amp#27;[0m&amp#27;[32m&amp#27;[1mSF_PRO_11&amp#27;[0m&amp#27;[32m"&amp#27;[0m &amp#27;[90m# org.example.stepDefs.D04_searchStepDef.verify_product_contain_Sku(java.lang.String)&amp#27;[0m

@smoke
Scenario: hoover on random category and click on random item in it                                                                             &amp#27;[90m# src/main/resources/features/F05_hoverCategories.feature:5&amp#27;[0m
  &amp#27;[31mWhen &amp#27;[0m&amp#27;[31muser hoover on mainCategory and click one randomly,then click random SubCategory and click on its text&amp#27;[0m                                  &amp#27;[90m# org.example.stepDefs.D05_hoverCategoriesStepDef.Select_Randomly_Categories()&amp#27;[0m
      &amp#27;[31morg.openqa.selenium.ElementNotInteractableException: element not interactable
  (Session info: chrome=108.0.5359.125)
Build info: version: '4.7.2', revision: '4d4020c3b7'
System info: os.name: 'Windows 10', os.arch: 'amd64', os.version: '10.0', java.version: '1.8.0_351'
Driver info: org.openqa.selenium.chrome.ChromeDriver
Command: [1a71a8510c71ac08dfe4f4fe72335f9d, clickElement {id=fa3c57bc-5622-43ad-9cc8-c132b3efb6d2}]
Capabilities {acceptInsecureCerts: false, browserName: chrome, browserVersion: 108.0.5359.125, chrome: {chromedriverVersion: 108.0.5359.71 (1e0e3868ee06..., userDataDir: C:\Users\taker\AppData\Loca...}, goog:chromeOptions: {debuggerAddress: localhost:63237}, networkConnectionEnabled: false, pageLoadStrategy: normal, platformName: WINDOWS, proxy: Proxy(), se:cdp: ws://localhost:63237/devtoo..., se:cdpVersion: 108.0.5359.125, setWindowRect: true, strictFileInteractability: false, timeouts: {implicit: 0, pageLoad: 300000, script: 30000}, unhandledPromptBehavior: dismiss and notify, webauthn:extension:credBlob: true, webauthn:extension:largeBlob: true, webauthn:virtualAuthenticators: true}
Element: [[ChromeDriver: chrome on WINDOWS (1a71a8510c71ac08dfe4f4fe72335f9d)] -> xpath: //ul[@class='top-menu notmobile']//ul//li]
Session ID: 1a71a8510c71ac08dfe4f4fe72335f9d
	at sun.reflect.NativeConstructorAccessorImpl.newInstance0(Native Method)
	at sun.reflect.NativeConstructorAccessorImpl.newInstance(NativeConstructorAccessorImpl.java:62)
	at sun.reflect.DelegatingConstructorAccessorImpl.newInstance(DelegatingConstructorAccessorImpl.java:45)
	at java.lang.reflect.Constructor.newInstance(Constructor.java:423)
	at org.openqa.selenium.remote.codec.w3c.W3CHttpResponseCodec.createException(W3CHttpResponseCodec.java:200)
	at org.openqa.selenium.remote.codec.w3c.W3CHttpResponseCodec.decode(W3CHttpResponseCodec.java:133)
	at org.openqa.selenium.remote.codec.w3c.W3CHttpResponseCodec.decode(W3CHttpResponseCodec.java:53)
	at org.openqa.selenium.remote.HttpCommandExecutor.execute(HttpCommandExecutor.java:184)
	at org.openqa.selenium.remote.service.DriverCommandExecutor.invokeExecute(DriverCommandExecutor.java:167)
	at org.openqa.selenium.remote.service.DriverCommandExecutor.execute(DriverCommandExecutor.java:142)
	at org.openqa.selenium.remote.RemoteWebDriver.execute(RemoteWebDriver.java:535)
	at org.openqa.selenium.remote.RemoteWebElement.execute(RemoteWebElement.java:257)
	at org.openqa.selenium.remote.RemoteWebElement.click(RemoteWebElement.java:78)
	at org.example.pages.P03_homePage.select_Random_Elements(P03_homePage.java:94)
	at org.example.stepDefs.D05_hoverCategoriesStepDef.Select_Randomly_Categories(D05_hoverCategoriesStepDef.java:12)
	at âœ½.user hoover on mainCategory and click one randomly,then click random SubCategory and click on its text(file:///C:/Users/taker/OneDrive/Desktop/Software%20testing%20course/EGFWD/Second%20Project/demonopcommerce/src/main/resources/features/F05_hoverCategories.feature:6)
&amp#27;[0m
  &amp#27;[36mThen &amp#27;[0m&amp#27;[36muser get title text then Assert that the sub-category title is equal or contains the one you get it while selecting random sub-category&amp#27;[0m &amp#27;[90m# org.example.stepDefs.D05_hoverCategoriesStepDef.verify_TitleContains_RandomSelected_Category()&amp#27;[0m

@smoke
Scenario: user can click on first slider and goto https://demo.nopcommerce.com/Galaxy-s22-ultra &amp#27;[90m# src/main/resources/features/F06_homeSliders.feature:4&amp#27;[0m
  &amp#27;[32mWhen &amp#27;[0m&amp#27;[32muser clicks on slider "&amp#27;[0m&amp#27;[32m&amp#27;[1m1&amp#27;[0m&amp#27;[32m"&amp#27;[0m                                                                &amp#27;[90m# org.example.stepDefs.D06_homeSlidersStepDef.click_on_Slider(java.lang.String)&amp#27;[0m
  &amp#27;[31mThen &amp#27;[0m&amp#27;[31muser redirected to the slider link "&amp#27;[0m&amp#27;[31m&amp#27;[1mhttps://demo.nopcommerce.com/Galaxy-s22-ultra&amp#27;[0m&amp#27;[31m"&amp#27;[0m       &amp#27;[90m# org.example.stepDefs.D06_homeSlidersStepDef.verify_sliderLink_opened(java.lang.String)&amp#27;[0m
      &amp#27;[31morg.openqa.selenium.TimeoutException: Expected condition failed: waiting for url to contain "https://demo.nopcommerce.com/Galaxy-s22-ultra". Current url: "https://demo.nopcommerce.com/" (tried for 10 second(s) with 500 milliseconds interval)
Build info: version: '4.7.2', revision: '4d4020c3b7'
System info: os.name: 'Windows 10', os.arch: 'amd64', os.version: '10.0', java.version: '1.8.0_351'
Driver info: org.openqa.selenium.chrome.ChromeDriver
Capabilities {acceptInsecureCerts: false, browserName: chrome, browserVersion: 108.0.5359.125, chrome: {chromedriverVersion: 108.0.5359.71 (1e0e3868ee06..., userDataDir: C:\Users\taker\AppData\Loca...}, goog:chromeOptions: {debuggerAddress: localhost:63267}, networkConnectionEnabled: false, pageLoadStrategy: normal, platformName: WINDOWS, proxy: Proxy(), se:cdp: ws://localhost:63267/devtoo..., se:cdpVersion: 108.0.5359.125, setWindowRect: true, strictFileInteractability: false, timeouts: {implicit: 0, pageLoad: 300000, script: 30000}, unhandledPromptBehavior: dismiss and notify, webauthn:extension:credBlob: true, webauthn:extension:largeBlob: true, webauthn:virtualAuthenticators: true}
Session ID: 1382bc7e816694a044a1495ffeb231a2
	at org.openqa.selenium.support.ui.WebDriverWait.timeoutException(WebDriverWait.java:87)
	at org.openqa.selenium.support.ui.FluentWait.until(FluentWait.java:231)
	at org.example.stepDefs.D06_homeSlidersStepDef.verify_sliderLink_opened(D06_homeSlidersStepDef.java:24)
	at âœ½.user redirected to the slider link "https://demo.nopcommerce.com/Galaxy-s22-ultra"(file:///C:/Users/taker/OneDrive/Desktop/Software%20testing%20course/EGFWD/Second%20Project/demonopcommerce/src/main/resources/features/F06_homeSliders.feature:6)
&amp#27;[0m

@smoke
Scenario: user can click on first slider and goto https://demo.nopcommerce.com/iphone-14 pro &amp#27;[90m# src/main/resources/features/F06_homeSliders.feature:8&amp#27;[0m
  &amp#27;[32mWhen &amp#27;[0m&amp#27;[32muser clicks on slider "&amp#27;[0m&amp#27;[32m&amp#27;[1m2&amp#27;[0m&amp#27;[32m"&amp#27;[0m                                                             &amp#27;[90m# org.example.stepDefs.D06_homeSlidersStepDef.click_on_Slider(java.lang.String)&amp#27;[0m
  &amp#27;[]]></system-out>
    <system-err><![CDATA[Starting ChromeDriver 108.0.5359.71 (1e0e3868ee06e91ad636a874420e3ca3ae3756ac-refs/branch-heads/5359@{#1016}) on port 47720
Only local connections are allowed.
Please see https://chromedriver.chromium.org/security-considerations for suggestions on keeping ChromeDriver safe.
ChromeDriver was started successfully.
]]></system-err>
  </testcase>
  <testcase name="runScenario" classname="org.example.testRunner.runners" time="7.738"/>
  <testcase name="runScenario" classname="org.example.testRunner.runners" time="8.343"/>
  <testcase name="runScenario" classname="org.example.testRunner.runners" time="7.819">
    <failure message="Index: 1, Size: 1" type="java.lang.IndexOutOfBoundsException"><![CDATA[java.lang.IndexOutOfBoundsException: Index: 1, Size: 1
]]></failure>
    <system-err><![CDATA[Starting ChromeDriver 108.0.5359.71 (1e0e3868ee06e91ad636a874420e3ca3ae3756ac-refs/branch-heads/5359@{#1016}) on port 24888
Only local connections are allowed.
Please see https://chromedriver.chromium.org/security-considerations for suggestions on keeping ChromeDriver safe.
ChromeDriver was started successfully.
]]></system-err>
  </testcase>
  <testcase name="runScenario" classname="org.example.testRunner.runners" time="10.289"/>
  <testcase name="runScenario" classname="org.example.testRunner.runners" time="10.404"/>
  <testcase name="runScenario" classname="org.example.testRunner.runners" time="14.907"/>
</testsuite>